/home/c2/anaconda3/envs/dd2d/bin/python /home/c2/src/pytorch-soft-actor-critic/main.py --env-name corrective-psuedo-steering-v0 --automatic_entropy_tuning True --cuda
Episode: 1, total numsteps: 100, episode steps: 100, reward: 64.71
Episode: 2, total numsteps: 200, episode steps: 100, reward: 64.62
Episode: 3, total numsteps: 300, episode steps: 100, reward: 62.93
Episode: 4, total numsteps: 400, episode steps: 100, reward: 69.38
Episode: 5, total numsteps: 500, episode steps: 100, reward: 65.61
Episode: 6, total numsteps: 600, episode steps: 100, reward: 62.63
Episode: 7, total numsteps: 700, episode steps: 100, reward: 68.39
Episode: 8, total numsteps: 800, episode steps: 100, reward: 66.01
Episode: 9, total numsteps: 900, episode steps: 100, reward: 66.24
Episode: 10, total numsteps: 1000, episode steps: 100, reward: 67.05
----------------------------------------
Test Episodes: 10, Avg. Reward: 80.4
----------------------------------------
Episode: 11, total numsteps: 1100, episode steps: 100, reward: 68.46
Episode: 12, total numsteps: 1200, episode steps: 100, reward: 68.25
Episode: 13, total numsteps: 1300, episode steps: 100, reward: 66.47
Episode: 14, total numsteps: 1400, episode steps: 100, reward: 68.23
Episode: 15, total numsteps: 1500, episode steps: 100, reward: 66.8
Episode: 16, total numsteps: 1600, episode steps: 100, reward: 67.99
Episode: 17, total numsteps: 1700, episode steps: 100, reward: 65.26
Episode: 18, total numsteps: 1800, episode steps: 100, reward: 68.59
Episode: 19, total numsteps: 1900, episode steps: 100, reward: 68.51
Episode: 20, total numsteps: 2000, episode steps: 100, reward: 67.94
----------------------------------------
Test Episodes: 10, Avg. Reward: 90.21
----------------------------------------
Episode: 21, total numsteps: 2100, episode steps: 100, reward: 68.51
Episode: 22, total numsteps: 2200, episode steps: 100, reward: 69.64
Episode: 23, total numsteps: 2300, episode steps: 100, reward: 67.91
Episode: 24, total numsteps: 2400, episode steps: 100, reward: 68.46
Episode: 25, total numsteps: 2500, episode steps: 100, reward: 69.22
Episode: 26, total numsteps: 2600, episode steps: 100, reward: 68.77
Episode: 27, total numsteps: 2700, episode steps: 100, reward: 68.87
Episode: 28, total numsteps: 2800, episode steps: 100, reward: 62.1
Episode: 29, total numsteps: 2900, episode steps: 100, reward: 69.45
Episode: 30, total numsteps: 3000, episode steps: 100, reward: 65.96
----------------------------------------
Test Episodes: 10, Avg. Reward: 90.6
----------------------------------------
Episode: 31, total numsteps: 3100, episode steps: 100, reward: 64.9
Episode: 32, total numsteps: 3200, episode steps: 100, reward: 69.09
Episode: 33, total numsteps: 3300, episode steps: 100, reward: 68.39
Episode: 34, total numsteps: 3400, episode steps: 100, reward: 61.71
Episode: 35, total numsteps: 3500, episode steps: 100, reward: 65.12
Episode: 36, total numsteps: 3600, episode steps: 100, reward: 64.46
Episode: 37, total numsteps: 3700, episode steps: 100, reward: 70.39
Episode: 38, total numsteps: 3800, episode steps: 100, reward: 62.85
Episode: 39, total numsteps: 3900, episode steps: 100, reward: 65.52
Episode: 40, total numsteps: 4000, episode steps: 100, reward: 68.35
----------------------------------------
Test Episodes: 10, Avg. Reward: 94.38
----------------------------------------
Episode: 41, total numsteps: 4100, episode steps: 100, reward: 62.92
Episode: 42, total numsteps: 4200, episode steps: 100, reward: 68.3
Episode: 43, total numsteps: 4300, episode steps: 100, reward: 67.58
Episode: 44, total numsteps: 4400, episode steps: 100, reward: 64.28
Episode: 45, total numsteps: 4500, episode steps: 100, reward: 65.47
Episode: 46, total numsteps: 4600, episode steps: 100, reward: 68.68
Episode: 47, total numsteps: 4700, episode steps: 100, reward: 65.18
Episode: 48, total numsteps: 4800, episode steps: 100, reward: 65.41
Episode: 49, total numsteps: 4900, episode steps: 100, reward: 72.95
Episode: 50, total numsteps: 5000, episode steps: 100, reward: 65.79
----------------------------------------
Test Episodes: 10, Avg. Reward: 89.98
----------------------------------------
Episode: 51, total numsteps: 5100, episode steps: 100, reward: 68.21
Episode: 52, total numsteps: 5200, episode steps: 100, reward: 65.75
Episode: 53, total numsteps: 5300, episode steps: 100, reward: 69.93
Episode: 54, total numsteps: 5400, episode steps: 100, reward: 70.22
Episode: 55, total numsteps: 5500, episode steps: 100, reward: 63.44
Episode: 56, total numsteps: 5600, episode steps: 100, reward: 67.86
Episode: 57, total numsteps: 5700, episode steps: 100, reward: 66.32
Episode: 58, total numsteps: 5800, episode steps: 100, reward: 65.02
Episode: 59, total numsteps: 5900, episode steps: 100, reward: 66.89
Episode: 60, total numsteps: 6000, episode steps: 100, reward: 68.55
----------------------------------------
Test Episodes: 10, Avg. Reward: 92.65
----------------------------------------
Episode: 61, total numsteps: 6100, episode steps: 100, reward: 65.8
Episode: 62, total numsteps: 6200, episode steps: 100, reward: 66.31
Episode: 63, total numsteps: 6300, episode steps: 100, reward: 68.96
Episode: 64, total numsteps: 6400, episode steps: 100, reward: 64.67
Episode: 65, total numsteps: 6500, episode steps: 100, reward: 68.32
Episode: 66, total numsteps: 6600, episode steps: 100, reward: 67.64
Episode: 67, total numsteps: 6700, episode steps: 100, reward: 68.94
Episode: 68, total numsteps: 6800, episode steps: 100, reward: 68.66
Episode: 69, total numsteps: 6900, episode steps: 100, reward: 65.06
Episode: 70, total numsteps: 7000, episode steps: 100, reward: 64.13
----------------------------------------
Test Episodes: 10, Avg. Reward: 94.22
----------------------------------------
Episode: 71, total numsteps: 7100, episode steps: 100, reward: 66.93
Episode: 72, total numsteps: 7200, episode steps: 100, reward: 67.73
Episode: 73, total numsteps: 7300, episode steps: 100, reward: 66.39
Episode: 74, total numsteps: 7400, episode steps: 100, reward: 70.29
Episode: 75, total numsteps: 7500, episode steps: 100, reward: 66.21
Episode: 76, total numsteps: 7600, episode steps: 100, reward: 68.51
Episode: 77, total numsteps: 7700, episode steps: 100, reward: 65.31
Episode: 78, total numsteps: 7800, episode steps: 100, reward: 67.1
Episode: 79, total numsteps: 7900, episode steps: 100, reward: 66.38
Episode: 80, total numsteps: 8000, episode steps: 100, reward: 69.42
----------------------------------------
Test Episodes: 10, Avg. Reward: 94.77
----------------------------------------
Episode: 81, total numsteps: 8100, episode steps: 100, reward: 62.91
Episode: 82, total numsteps: 8200, episode steps: 100, reward: 66.3
Episode: 83, total numsteps: 8300, episode steps: 100, reward: 65.9
Episode: 84, total numsteps: 8400, episode steps: 100, reward: 62.65
Episode: 85, total numsteps: 8500, episode steps: 100, reward: 63.57
Episode: 86, total numsteps: 8600, episode steps: 100, reward: 69.13
Episode: 87, total numsteps: 8700, episode steps: 100, reward: 69.41
Episode: 88, total numsteps: 8800, episode steps: 100, reward: 69.74
Episode: 89, total numsteps: 8900, episode steps: 100, reward: 65.13
Episode: 90, total numsteps: 9000, episode steps: 100, reward: 67.23
----------------------------------------
Test Episodes: 10, Avg. Reward: 94.04
----------------------------------------
Episode: 91, total numsteps: 9100, episode steps: 100, reward: 64.05
Episode: 92, total numsteps: 9200, episode steps: 100, reward: 62.42
Episode: 93, total numsteps: 9300, episode steps: 100, reward: 64.69
Episode: 94, total numsteps: 9400, episode steps: 100, reward: 64.53
Episode: 95, total numsteps: 9500, episode steps: 100, reward: 65.79
Episode: 96, total numsteps: 9600, episode steps: 100, reward: 63.62
Episode: 97, total numsteps: 9700, episode steps: 100, reward: 64.15
Episode: 98, total numsteps: 9800, episode steps: 100, reward: 63.22
Episode: 99, total numsteps: 9900, episode steps: 100, reward: 64.06
Episode: 100, total numsteps: 10000, episode steps: 100, reward: 68.36
----------------------------------------
Test Episodes: 10, Avg. Reward: 94.27
----------------------------------------
Episode: 101, total numsteps: 10100, episode steps: 100, reward: 93.1
Episode: 102, total numsteps: 10200, episode steps: 100, reward: 92.6
Episode: 103, total numsteps: 10300, episode steps: 100, reward: 93.23
Episode: 104, total numsteps: 10400, episode steps: 100, reward: 92.64
Episode: 105, total numsteps: 10500, episode steps: 100, reward: 93.28
Episode: 106, total numsteps: 10600, episode steps: 100, reward: 92.8
Episode: 107, total numsteps: 10700, episode steps: 100, reward: 94.0
Episode: 108, total numsteps: 10800, episode steps: 100, reward: 93.91
Episode: 109, total numsteps: 10900, episode steps: 100, reward: 93.04
Episode: 110, total numsteps: 11000, episode steps: 100, reward: 94.13
----------------------------------------
Test Episodes: 10, Avg. Reward: 93.47
----------------------------------------
Episode: 111, total numsteps: 11100, episode steps: 100, reward: 92.98
Episode: 112, total numsteps: 11200, episode steps: 100, reward: 93.76
Episode: 113, total numsteps: 11300, episode steps: 100, reward: 92.83
Episode: 114, total numsteps: 11400, episode steps: 100, reward: 93.69
Episode: 115, total numsteps: 11500, episode steps: 100, reward: 93.72
Episode: 116, total numsteps: 11600, episode steps: 100, reward: 93.79
Episode: 117, total numsteps: 11700, episode steps: 100, reward: 93.02
Episode: 118, total numsteps: 11800, episode steps: 100, reward: 93.42
Episode: 119, total numsteps: 11900, episode steps: 100, reward: 94.63
Episode: 120, total numsteps: 12000, episode steps: 100, reward: 93.26
----------------------------------------
Test Episodes: 10, Avg. Reward: 93.76
----------------------------------------
Episode: 121, total numsteps: 12100, episode steps: 100, reward: 92.87
Episode: 122, total numsteps: 12200, episode steps: 100, reward: 94.13
Episode: 123, total numsteps: 12300, episode steps: 100, reward: 94.49
Episode: 124, total numsteps: 12400, episode steps: 100, reward: 92.8
Episode: 125, total numsteps: 12500, episode steps: 100, reward: 93.14
Episode: 126, total numsteps: 12600, episode steps: 100, reward: 94.57
Episode: 127, total numsteps: 12700, episode steps: 100, reward: 93.12
Episode: 128, total numsteps: 12800, episode steps: 100, reward: 92.42
Episode: 129, total numsteps: 12900, episode steps: 100, reward: 93.33
Episode: 130, total numsteps: 13000, episode steps: 100, reward: 91.92
----------------------------------------
Test Episodes: 10, Avg. Reward: 92.94
----------------------------------------
Episode: 131, total numsteps: 13100, episode steps: 100, reward: 93.05
Episode: 132, total numsteps: 13200, episode steps: 100, reward: 92.23
Episode: 133, total numsteps: 13300, episode steps: 100, reward: 93.25
Episode: 134, total numsteps: 13400, episode steps: 100, reward: 93.19
Episode: 135, total numsteps: 13500, episode steps: 100, reward: 92.85
Episode: 136, total numsteps: 13600, episode steps: 100, reward: 92.03
Episode: 137, total numsteps: 13700, episode steps: 100, reward: 92.49
Episode: 138, total numsteps: 13800, episode steps: 100, reward: 92.97
Episode: 139, total numsteps: 13900, episode steps: 100, reward: 93.04
Episode: 140, total numsteps: 14000, episode steps: 100, reward: 92.27
----------------------------------------
Test Episodes: 10, Avg. Reward: 90.86
----------------------------------------
Episode: 141, total numsteps: 14100, episode steps: 100, reward: 90.84
Episode: 142, total numsteps: 14200, episode steps: 100, reward: 91.43
Episode: 143, total numsteps: 14300, episode steps: 100, reward: 91.25
Episode: 144, total numsteps: 14400, episode steps: 100, reward: 91.1
Episode: 145, total numsteps: 14500, episode steps: 100, reward: 90.67
Episode: 146, total numsteps: 14600, episode steps: 100, reward: 91.71
Episode: 147, total numsteps: 14700, episode steps: 100, reward: 90.89
Episode: 148, total numsteps: 14800, episode steps: 100, reward: 91.01
Episode: 149, total numsteps: 14900, episode steps: 100, reward: 91.15
Episode: 150, total numsteps: 15000, episode steps: 100, reward: 91.1
----------------------------------------
Test Episodes: 10, Avg. Reward: 91.47
----------------------------------------
Episode: 151, total numsteps: 15100, episode steps: 100, reward: 91.47
Episode: 152, total numsteps: 15200, episode steps: 100, reward: 90.72
Episode: 153, total numsteps: 15300, episode steps: 100, reward: 90.3
Episode: 154, total numsteps: 15400, episode steps: 100, reward: 90.62
Episode: 155, total numsteps: 15500, episode steps: 100, reward: 90.8
Episode: 156, total numsteps: 15600, episode steps: 100, reward: 90.04
Episode: 157, total numsteps: 15700, episode steps: 100, reward: 91.54
Episode: 158, total numsteps: 15800, episode steps: 100, reward: 92.3
Episode: 159, total numsteps: 15900, episode steps: 100, reward: 91.44
Episode: 160, total numsteps: 16000, episode steps: 100, reward: 92.51
----------------------------------------
Test Episodes: 10, Avg. Reward: 91.87
----------------------------------------
Episode: 161, total numsteps: 16100, episode steps: 100, reward: 91.53
Episode: 162, total numsteps: 16200, episode steps: 100, reward: 91.65
Episode: 163, total numsteps: 16300, episode steps: 100, reward: 91.31
Episode: 164, total numsteps: 16400, episode steps: 100, reward: 91.66
Episode: 165, total numsteps: 16500, episode steps: 100, reward: 91.25
Episode: 166, total numsteps: 16600, episode steps: 100, reward: 91.07
Episode: 167, total numsteps: 16700, episode steps: 100, reward: 92.81
Episode: 168, total numsteps: 16800, episode steps: 100, reward: 92.73
Episode: 169, total numsteps: 16900, episode steps: 100, reward: 92.97
Episode: 170, total numsteps: 17000, episode steps: 100, reward: 92.39
----------------------------------------
Test Episodes: 10, Avg. Reward: 92.48
----------------------------------------
Episode: 171, total numsteps: 17100, episode steps: 100, reward: 92.92
Episode: 172, total numsteps: 17200, episode steps: 100, reward: 92.61
Episode: 173, total numsteps: 17300, episode steps: 100, reward: 91.5
Episode: 174, total numsteps: 17400, episode steps: 100, reward: 92.98
Episode: 175, total numsteps: 17500, episode steps: 100, reward: 91.39
Episode: 176, total numsteps: 17600, episode steps: 100, reward: 91.4
Episode: 177, total numsteps: 17700, episode steps: 100, reward: 91.72
Episode: 178, total numsteps: 17800, episode steps: 100, reward: 91.72
Episode: 179, total numsteps: 17900, episode steps: 100, reward: 91.42
Episode: 180, total numsteps: 18000, episode steps: 100, reward: 92.17
----------------------------------------
Test Episodes: 10, Avg. Reward: 91.91
----------------------------------------
Episode: 181, total numsteps: 18100, episode steps: 100, reward: 91.58
Episode: 182, total numsteps: 18200, episode steps: 100, reward: 90.77
Episode: 183, total numsteps: 18300, episode steps: 100, reward: 91.19
Episode: 184, total numsteps: 18400, episode steps: 100, reward: 91.23
Episode: 185, total numsteps: 18500, episode steps: 100, reward: 91.85
Episode: 186, total numsteps: 18600, episode steps: 100, reward: 90.74
Episode: 187, total numsteps: 18700, episode steps: 100, reward: 91.13
Episode: 188, total numsteps: 18800, episode steps: 100, reward: 91.86
Episode: 189, total numsteps: 18900, episode steps: 100, reward: 91.53
Episode: 190, total numsteps: 19000, episode steps: 100, reward: 91.96
----------------------------------------
Test Episodes: 10, Avg. Reward: 91.76
----------------------------------------
Episode: 191, total numsteps: 19100, episode steps: 100, reward: 91.65
Episode: 192, total numsteps: 19200, episode steps: 100, reward: 91.62
Episode: 193, total numsteps: 19300, episode steps: 100, reward: 92.24
Episode: 194, total numsteps: 19400, episode steps: 100, reward: 92.12
Episode: 195, total numsteps: 19500, episode steps: 100, reward: 91.14
Episode: 196, total numsteps: 19600, episode steps: 100, reward: 92.13
Episode: 197, total numsteps: 19700, episode steps: 100, reward: 90.97
Episode: 198, total numsteps: 19800, episode steps: 100, reward: 92.3
Episode: 199, total numsteps: 19900, episode steps: 100, reward: 91.99
Episode: 200, total numsteps: 20000, episode steps: 100, reward: 91.62
----------------------------------------
Test Episodes: 10, Avg. Reward: 91.73
----------------------------------------
Episode: 201, total numsteps: 20100, episode steps: 100, reward: 91.46
Episode: 202, total numsteps: 20200, episode steps: 100, reward: 91.41
Episode: 203, total numsteps: 20300, episode steps: 100, reward: 91.26
Episode: 204, total numsteps: 20400, episode steps: 100, reward: 91.78
Episode: 205, total numsteps: 20500, episode steps: 100, reward: 91.92
Episode: 206, total numsteps: 20600, episode steps: 100, reward: 91.03
Episode: 207, total numsteps: 20700, episode steps: 100, reward: 91.08
Episode: 208, total numsteps: 20800, episode steps: 100, reward: 91.96
Episode: 209, total numsteps: 20900, episode steps: 100, reward: 91.45
Episode: 210, total numsteps: 21000, episode steps: 100, reward: 91.3
----------------------------------------
Test Episodes: 10, Avg. Reward: 91.37
----------------------------------------
Episode: 211, total numsteps: 21100, episode steps: 100, reward: 91.85
Episode: 212, total numsteps: 21200, episode steps: 100, reward: 91.43
Episode: 213, total numsteps: 21300, episode steps: 100, reward: 92.2
Episode: 214, total numsteps: 21400, episode steps: 100, reward: 91.65
Episode: 215, total numsteps: 21500, episode steps: 100, reward: 91.8
Episode: 216, total numsteps: 21600, episode steps: 100, reward: 91.24
Episode: 217, total numsteps: 21700, episode steps: 100, reward: 92.51
Episode: 218, total numsteps: 21800, episode steps: 100, reward: 92.43
Episode: 219, total numsteps: 21900, episode steps: 100, reward: 92.28
Episode: 220, total numsteps: 22000, episode steps: 100, reward: 91.51
----------------------------------------
Test Episodes: 10, Avg. Reward: 91.18
----------------------------------------
Episode: 221, total numsteps: 22100, episode steps: 100, reward: 91.28
Episode: 222, total numsteps: 22200, episode steps: 100, reward: 91.71
Episode: 223, total numsteps: 22300, episode steps: 100, reward: 90.57
Episode: 224, total numsteps: 22400, episode steps: 100, reward: 90.75
Episode: 225, total numsteps: 22500, episode steps: 100, reward: 91.82
Episode: 226, total numsteps: 22600, episode steps: 100, reward: 92.72
Episode: 227, total numsteps: 22700, episode steps: 100, reward: 91.99
Episode: 228, total numsteps: 22800, episode steps: 100, reward: 91.96
Episode: 229, total numsteps: 22900, episode steps: 100, reward: 92.59
Episode: 230, total numsteps: 23000, episode steps: 100, reward: 91.56
----------------------------------------
Test Episodes: 10, Avg. Reward: 91.43
----------------------------------------
Episode: 231, total numsteps: 23100, episode steps: 100, reward: 92.19
Episode: 232, total numsteps: 23200, episode steps: 100, reward: 91.48
Episode: 233, total numsteps: 23300, episode steps: 100, reward: 91.94
Episode: 234, total numsteps: 23400, episode steps: 100, reward: 92.42
Episode: 235, total numsteps: 23500, episode steps: 100, reward: 91.43
Episode: 236, total numsteps: 23600, episode steps: 100, reward: 91.44
Episode: 237, total numsteps: 23700, episode steps: 100, reward: 92.49
Episode: 238, total numsteps: 23800, episode steps: 100, reward: 90.45
Episode: 239, total numsteps: 23900, episode steps: 100, reward: 91.2
Episode: 240, total numsteps: 24000, episode steps: 100, reward: 90.88
----------------------------------------
Test Episodes: 10, Avg. Reward: 91.01
----------------------------------------
Episode: 241, total numsteps: 24100, episode steps: 100, reward: 91.93
Episode: 242, total numsteps: 24200, episode steps: 100, reward: 92.26
Episode: 243, total numsteps: 24300, episode steps: 100, reward: 93.02
Episode: 244, total numsteps: 24400, episode steps: 100, reward: 91.95
Episode: 245, total numsteps: 24500, episode steps: 100, reward: 92.28
Episode: 246, total numsteps: 24600, episode steps: 100, reward: 91.96
Episode: 247, total numsteps: 24700, episode steps: 100, reward: 91.79
Episode: 248, total numsteps: 24800, episode steps: 100, reward: 92.85
Episode: 249, total numsteps: 24900, episode steps: 100, reward: 91.98
Episode: 250, total numsteps: 25000, episode steps: 100, reward: 91.22
----------------------------------------
Test Episodes: 10, Avg. Reward: 91.86
----------------------------------------
Episode: 251, total numsteps: 25100, episode steps: 100, reward: 91.82
Episode: 252, total numsteps: 25200, episode steps: 100, reward: 91.18
Episode: 253, total numsteps: 25300, episode steps: 100, reward: 91.29
Episode: 254, total numsteps: 25400, episode steps: 100, reward: 92.38
Episode: 255, total numsteps: 25500, episode steps: 100, reward: 91.28
Episode: 256, total numsteps: 25600, episode steps: 100, reward: 91.84
Episode: 257, total numsteps: 25700, episode steps: 100, reward: 90.6
Episode: 258, total numsteps: 25800, episode steps: 100, reward: 91.14
Episode: 259, total numsteps: 25900, episode steps: 100, reward: 90.3
Episode: 260, total numsteps: 26000, episode steps: 100, reward: 90.34
----------------------------------------
Test Episodes: 10, Avg. Reward: 89.3
----------------------------------------
Episode: 261, total numsteps: 26100, episode steps: 100, reward: 89.29
Episode: 262, total numsteps: 26200, episode steps: 100, reward: 86.47
Episode: 263, total numsteps: 26300, episode steps: 100, reward: 84.94
Episode: 264, total numsteps: 26400, episode steps: 100, reward: 84.96
Episode: 265, total numsteps: 26500, episode steps: 100, reward: 86.68
Episode: 266, total numsteps: 26600, episode steps: 100, reward: 82.44
Episode: 267, total numsteps: 26700, episode steps: 100, reward: 85.76
Episode: 268, total numsteps: 26800, episode steps: 100, reward: 84.99
Episode: 269, total numsteps: 26900, episode steps: 100, reward: 86.09
Episode: 270, total numsteps: 27000, episode steps: 100, reward: 84.77
----------------------------------------
Test Episodes: 10, Avg. Reward: 84.46
----------------------------------------
Episode: 271, total numsteps: 27100, episode steps: 100, reward: 84.86
Episode: 272, total numsteps: 27200, episode steps: 100, reward: 84.69
Episode: 273, total numsteps: 27300, episode steps: 100, reward: 86.08
Episode: 274, total numsteps: 27400, episode steps: 100, reward: 85.21
Episode: 275, total numsteps: 27500, episode steps: 100, reward: 84.1
Episode: 276, total numsteps: 27600, episode steps: 100, reward: 83.19
Episode: 277, total numsteps: 27700, episode steps: 100, reward: 85.27
Episode: 278, total numsteps: 27800, episode steps: 100, reward: 84.13
Episode: 279, total numsteps: 27900, episode steps: 100, reward: 84.86
Episode: 280, total numsteps: 28000, episode steps: 100, reward: 84.19
----------------------------------------
Test Episodes: 10, Avg. Reward: 85.31
----------------------------------------
Episode: 281, total numsteps: 28100, episode steps: 100, reward: 85.33
Episode: 282, total numsteps: 28200, episode steps: 100, reward: 82.6
Episode: 283, total numsteps: 28300, episode steps: 100, reward: 82.96
Episode: 284, total numsteps: 28400, episode steps: 100, reward: 85.03
Episode: 285, total numsteps: 28500, episode steps: 100, reward: 83.53
Episode: 286, total numsteps: 28600, episode steps: 100, reward: 82.96
Episode: 287, total numsteps: 28700, episode steps: 100, reward: 85.79
Episode: 288, total numsteps: 28800, episode steps: 100, reward: 83.07
Episode: 289, total numsteps: 28900, episode steps: 100, reward: 84.57
Episode: 290, total numsteps: 29000, episode steps: 100, reward: 83.31
----------------------------------------
Test Episodes: 10, Avg. Reward: 83.97
----------------------------------------
Episode: 291, total numsteps: 29100, episode steps: 100, reward: 82.6
Episode: 292, total numsteps: 29200, episode steps: 100, reward: 85.99
Episode: 293, total numsteps: 29300, episode steps: 100, reward: 83.12
Episode: 294, total numsteps: 29400, episode steps: 100, reward: 85.2
Episode: 295, total numsteps: 29500, episode steps: 100, reward: 85.98
Episode: 296, total numsteps: 29600, episode steps: 100, reward: 85.16
Episode: 297, total numsteps: 29700, episode steps: 100, reward: 84.75
Episode: 298, total numsteps: 29800, episode steps: 100, reward: 87.89
Episode: 299, total numsteps: 29900, episode steps: 100, reward: 86.16
Episode: 300, total numsteps: 30000, episode steps: 100, reward: 86.3
----------------------------------------
Test Episodes: 10, Avg. Reward: 88.46
----------------------------------------
Episode: 301, total numsteps: 30100, episode steps: 100, reward: 86.99
Episode: 302, total numsteps: 30200, episode steps: 100, reward: 85.73
Episode: 303, total numsteps: 30300, episode steps: 100, reward: 84.39
Episode: 304, total numsteps: 30400, episode steps: 100, reward: 84.35
Episode: 305, total numsteps: 30500, episode steps: 100, reward: 85.17
Episode: 306, total numsteps: 30600, episode steps: 100, reward: 84.44
Episode: 307, total numsteps: 30700, episode steps: 100, reward: 87.79
Episode: 308, total numsteps: 30800, episode steps: 100, reward: 85.83
Episode: 309, total numsteps: 30900, episode steps: 100, reward: 85.3
Episode: 310, total numsteps: 31000, episode steps: 100, reward: 85.44
----------------------------------------
Test Episodes: 10, Avg. Reward: 85.97
----------------------------------------
Episode: 311, total numsteps: 31100, episode steps: 100, reward: 87.04
Episode: 312, total numsteps: 31200, episode steps: 100, reward: 85.98
Episode: 313, total numsteps: 31300, episode steps: 100, reward: 86.38
Episode: 314, total numsteps: 31400, episode steps: 100, reward: 88.05
Episode: 315, total numsteps: 31500, episode steps: 100, reward: 87.56
Episode: 316, total numsteps: 31600, episode steps: 100, reward: 87.82
Episode: 317, total numsteps: 31700, episode steps: 100, reward: 87.37
Episode: 318, total numsteps: 31800, episode steps: 100, reward: 87.94
Episode: 319, total numsteps: 31900, episode steps: 100, reward: 86.53
Episode: 320, total numsteps: 32000, episode steps: 100, reward: 87.09
----------------------------------------
Test Episodes: 10, Avg. Reward: 87.02
----------------------------------------
Episode: 321, total numsteps: 32100, episode steps: 100, reward: 87.21
Episode: 322, total numsteps: 32200, episode steps: 100, reward: 89.49
Episode: 323, total numsteps: 32300, episode steps: 100, reward: 86.98
Episode: 324, total numsteps: 32400, episode steps: 100, reward: 90.94
Episode: 325, total numsteps: 32500, episode steps: 100, reward: 91.49
Episode: 326, total numsteps: 32600, episode steps: 100, reward: 92.88
Episode: 327, total numsteps: 32700, episode steps: 100, reward: 91.27
Episode: 328, total numsteps: 32800, episode steps: 100, reward: 92.42
Episode: 329, total numsteps: 32900, episode steps: 100, reward: 92.21
Episode: 330, total numsteps: 33000, episode steps: 100, reward: 91.74
----------------------------------------
Test Episodes: 10, Avg. Reward: 91.21
----------------------------------------
Episode: 331, total numsteps: 33100, episode steps: 100, reward: 92.33
Episode: 332, total numsteps: 33200, episode steps: 100, reward: 91.96
Episode: 333, total numsteps: 33300, episode steps: 100, reward: 92.52
Episode: 334, total numsteps: 33400, episode steps: 100, reward: 91.05
Episode: 335, total numsteps: 33500, episode steps: 100, reward: 91.78
Episode: 336, total numsteps: 33600, episode steps: 100, reward: 92.77
Episode: 337, total numsteps: 33700, episode steps: 100, reward: 92.4
Episode: 338, total numsteps: 33800, episode steps: 100, reward: 91.68
Episode: 339, total numsteps: 33900, episode steps: 100, reward: 91.72
Episode: 340, total numsteps: 34000, episode steps: 100, reward: 91.97
----------------------------------------
Test Episodes: 10, Avg. Reward: 92.38
----------------------------------------
Episode: 341, total numsteps: 34100, episode steps: 100, reward: 92.79
Episode: 342, total numsteps: 34200, episode steps: 100, reward: 91.69
Episode: 343, total numsteps: 34300, episode steps: 100, reward: 91.45
Episode: 344, total numsteps: 34400, episode steps: 100, reward: 92.18
Episode: 345, total numsteps: 34500, episode steps: 100, reward: 91.99
Episode: 346, total numsteps: 34600, episode steps: 100, reward: 91.38
Episode: 347, total numsteps: 34700, episode steps: 100, reward: 92.25
Episode: 348, total numsteps: 34800, episode steps: 100, reward: 91.59
Episode: 349, total numsteps: 34900, episode steps: 100, reward: 91.68
Episode: 350, total numsteps: 35000, episode steps: 100, reward: 91.3
----------------------------------------
Test Episodes: 10, Avg. Reward: 91.1
----------------------------------------
Episode: 351, total numsteps: 35100, episode steps: 100, reward: 91.49
Episode: 352, total numsteps: 35200, episode steps: 100, reward: 92.32
Episode: 353, total numsteps: 35300, episode steps: 100, reward: 92.79
Episode: 354, total numsteps: 35400, episode steps: 100, reward: 92.0
Episode: 355, total numsteps: 35500, episode steps: 100, reward: 91.88
Episode: 356, total numsteps: 35600, episode steps: 100, reward: 93.04
Episode: 357, total numsteps: 35700, episode steps: 100, reward: 92.3
Episode: 358, total numsteps: 35800, episode steps: 100, reward: 91.67
Episode: 359, total numsteps: 35900, episode steps: 100, reward: 92.03
Episode: 360, total numsteps: 36000, episode steps: 100, reward: 91.92
----------------------------------------
Test Episodes: 10, Avg. Reward: 92.54
----------------------------------------
Episode: 361, total numsteps: 36100, episode steps: 100, reward: 92.75
Episode: 362, total numsteps: 36200, episode steps: 100, reward: 92.61
Episode: 363, total numsteps: 36300, episode steps: 100, reward: 91.95
Episode: 364, total numsteps: 36400, episode steps: 100, reward: 91.47
Episode: 365, total numsteps: 36500, episode steps: 100, reward: 91.0
Episode: 366, total numsteps: 36600, episode steps: 100, reward: 92.31
Episode: 367, total numsteps: 36700, episode steps: 100, reward: 91.24
Episode: 368, total numsteps: 36800, episode steps: 100, reward: 92.92
Episode: 369, total numsteps: 36900, episode steps: 100, reward: 91.62
Episode: 370, total numsteps: 37000, episode steps: 100, reward: 90.88
----------------------------------------
Test Episodes: 10, Avg. Reward: 90.27
----------------------------------------
Episode: 371, total numsteps: 37100, episode steps: 100, reward: 91.78
Episode: 372, total numsteps: 37200, episode steps: 100, reward: 91.46
Episode: 373, total numsteps: 37300, episode steps: 100, reward: 89.67
Episode: 374, total numsteps: 37400, episode steps: 100, reward: 91.1
Episode: 375, total numsteps: 37500, episode steps: 100, reward: 91.52
Episode: 376, total numsteps: 37600, episode steps: 100, reward: 91.18
Episode: 377, total numsteps: 37700, episode steps: 100, reward: 91.03
Episode: 378, total numsteps: 37800, episode steps: 100, reward: 91.36
Episode: 379, total numsteps: 37900, episode steps: 100, reward: 90.88
Episode: 380, total numsteps: 38000, episode steps: 100, reward: 91.23
----------------------------------------
Test Episodes: 10, Avg. Reward: 91.26
----------------------------------------
Episode: 381, total numsteps: 38100, episode steps: 100, reward: 91.99
Episode: 382, total numsteps: 38200, episode steps: 100, reward: 92.82
Episode: 383, total numsteps: 38300, episode steps: 100, reward: 91.72
Episode: 384, total numsteps: 38400, episode steps: 100, reward: 93.57
Episode: 385, total numsteps: 38500, episode steps: 100, reward: 92.74
Episode: 386, total numsteps: 38600, episode steps: 100, reward: 92.72
Episode: 387, total numsteps: 38700, episode steps: 100, reward: 92.36
Episode: 388, total numsteps: 38800, episode steps: 100, reward: 93.04
Episode: 389, total numsteps: 38900, episode steps: 100, reward: 92.62
Episode: 390, total numsteps: 39000, episode steps: 100, reward: 92.07
----------------------------------------
Test Episodes: 10, Avg. Reward: 92.72
----------------------------------------
Episode: 391, total numsteps: 39100, episode steps: 100, reward: 93.49
Episode: 392, total numsteps: 39200, episode steps: 100, reward: 92.13
Episode: 393, total numsteps: 39300, episode steps: 100, reward: 90.04
Episode: 394, total numsteps: 39400, episode steps: 100, reward: 89.53
Episode: 395, total numsteps: 39500, episode steps: 100, reward: 89.52
Episode: 396, total numsteps: 39600, episode steps: 100, reward: 90.23
Episode: 397, total numsteps: 39700, episode steps: 100, reward: 89.11
Episode: 398, total numsteps: 39800, episode steps: 100, reward: 88.52
Episode: 399, total numsteps: 39900, episode steps: 100, reward: 89.79
Episode: 400, total numsteps: 40000, episode steps: 100, reward: 89.39
----------------------------------------
Test Episodes: 10, Avg. Reward: 88.75
----------------------------------------
Episode: 401, total numsteps: 40100, episode steps: 100, reward: 89.46
Episode: 402, total numsteps: 40200, episode steps: 100, reward: 89.61
Episode: 403, total numsteps: 40300, episode steps: 100, reward: 87.84
Episode: 404, total numsteps: 40400, episode steps: 100, reward: 89.23
Episode: 405, total numsteps: 40500, episode steps: 100, reward: 90.51
Episode: 406, total numsteps: 40600, episode steps: 100, reward: 88.87
Episode: 407, total numsteps: 40700, episode steps: 100, reward: 87.97
Episode: 408, total numsteps: 40800, episode steps: 100, reward: 89.38
Episode: 409, total numsteps: 40900, episode steps: 100, reward: 88.22
Episode: 410, total numsteps: 41000, episode steps: 100, reward: 88.98
----------------------------------------
Test Episodes: 10, Avg. Reward: 90.98
----------------------------------------
Episode: 411, total numsteps: 41100, episode steps: 100, reward: 90.95
Episode: 412, total numsteps: 41200, episode steps: 100, reward: 89.75
Episode: 413, total numsteps: 41300, episode steps: 100, reward: 89.8
Episode: 414, total numsteps: 41400, episode steps: 100, reward: 91.32
Episode: 415, total numsteps: 41500, episode steps: 100, reward: 91.1
Episode: 416, total numsteps: 41600, episode steps: 100, reward: 91.06
Episode: 417, total numsteps: 41700, episode steps: 100, reward: 89.52
Episode: 418, total numsteps: 41800, episode steps: 100, reward: 89.5
Episode: 419, total numsteps: 41900, episode steps: 100, reward: 91.42
Episode: 420, total numsteps: 42000, episode steps: 100, reward: 92.17
----------------------------------------
Test Episodes: 10, Avg. Reward: 91.66
----------------------------------------
Episode: 421, total numsteps: 42100, episode steps: 100, reward: 92.34
Episode: 422, total numsteps: 42200, episode steps: 100, reward: 92.24
Episode: 423, total numsteps: 42300, episode steps: 100, reward: 91.15
Episode: 424, total numsteps: 42400, episode steps: 100, reward: 89.68
Episode: 425, total numsteps: 42500, episode steps: 100, reward: 90.59
Episode: 426, total numsteps: 42600, episode steps: 100, reward: 90.56
Episode: 427, total numsteps: 42700, episode steps: 100, reward: 89.6
Episode: 428, total numsteps: 42800, episode steps: 100, reward: 90.84
Episode: 429, total numsteps: 42900, episode steps: 100, reward: 90.28
Episode: 430, total numsteps: 43000, episode steps: 100, reward: 90.29
----------------------------------------
Test Episodes: 10, Avg. Reward: 89.15
----------------------------------------
Episode: 431, total numsteps: 43100, episode steps: 100, reward: 89.92
Episode: 432, total numsteps: 43200, episode steps: 100, reward: 90.44
Episode: 433, total numsteps: 43300, episode steps: 100, reward: 90.75
Episode: 434, total numsteps: 43400, episode steps: 100, reward: 90.79
Episode: 435, total numsteps: 43500, episode steps: 100, reward: 89.47
Episode: 436, total numsteps: 43600, episode steps: 100, reward: 90.14
Episode: 437, total numsteps: 43700, episode steps: 100, reward: 91.23
Episode: 438, total numsteps: 43800, episode steps: 100, reward: 91.73
Episode: 439, total numsteps: 43900, episode steps: 100, reward: 91.93
Episode: 440, total numsteps: 44000, episode steps: 100, reward: 91.55
----------------------------------------
Test Episodes: 10, Avg. Reward: 91.57
----------------------------------------
Episode: 441, total numsteps: 44100, episode steps: 100, reward: 91.09
Episode: 442, total numsteps: 44200, episode steps: 100, reward: 92.27
Episode: 443, total numsteps: 44300, episode steps: 100, reward: 91.49
Episode: 444, total numsteps: 44400, episode steps: 100, reward: 91.08
Episode: 445, total numsteps: 44500, episode steps: 100, reward: 89.79
Episode: 446, total numsteps: 44600, episode steps: 100, reward: 89.83
Episode: 447, total numsteps: 44700, episode steps: 100, reward: 91.33
Episode: 448, total numsteps: 44800, episode steps: 100, reward: 90.01
Episode: 449, total numsteps: 44900, episode steps: 100, reward: 90.0
Episode: 450, total numsteps: 45000, episode steps: 100, reward: 91.4
----------------------------------------
Test Episodes: 10, Avg. Reward: 91.68
----------------------------------------
Episode: 451, total numsteps: 45100, episode steps: 100, reward: 92.34
Episode: 452, total numsteps: 45200, episode steps: 100, reward: 89.86
Episode: 453, total numsteps: 45300, episode steps: 100, reward: 90.3
Episode: 454, total numsteps: 45400, episode steps: 100, reward: 90.44
Episode: 455, total numsteps: 45500, episode steps: 100, reward: 88.96
Episode: 456, total numsteps: 45600, episode steps: 100, reward: 89.42
Episode: 457, total numsteps: 45700, episode steps: 100, reward: 88.93
Episode: 458, total numsteps: 45800, episode steps: 100, reward: 89.0
Episode: 459, total numsteps: 45900, episode steps: 100, reward: 89.13
Episode: 460, total numsteps: 46000, episode steps: 100, reward: 90.17
----------------------------------------
Test Episodes: 10, Avg. Reward: 89.79
----------------------------------------
Episode: 461, total numsteps: 46100, episode steps: 100, reward: 89.86
Episode: 462, total numsteps: 46200, episode steps: 100, reward: 88.71
Episode: 463, total numsteps: 46300, episode steps: 100, reward: 89.05
Episode: 464, total numsteps: 46400, episode steps: 100, reward: 89.31
Episode: 465, total numsteps: 46500, episode steps: 100, reward: 89.86
Episode: 466, total numsteps: 46600, episode steps: 100, reward: 90.51
Episode: 467, total numsteps: 46700, episode steps: 100, reward: 89.82
Episode: 468, total numsteps: 46800, episode steps: 100, reward: 90.12
Episode: 469, total numsteps: 46900, episode steps: 100, reward: 90.01
Episode: 470, total numsteps: 47000, episode steps: 100, reward: 89.63
----------------------------------------
Test Episodes: 10, Avg. Reward: 90.3
----------------------------------------
Episode: 471, total numsteps: 47100, episode steps: 100, reward: 88.59
Episode: 472, total numsteps: 47200, episode steps: 100, reward: 90.4
Episode: 473, total numsteps: 47300, episode steps: 100, reward: 90.26
Episode: 474, total numsteps: 47400, episode steps: 100, reward: 88.16
Episode: 475, total numsteps: 47500, episode steps: 100, reward: 88.73
Episode: 476, total numsteps: 47600, episode steps: 100, reward: 89.08
Episode: 477, total numsteps: 47700, episode steps: 100, reward: 90.25
Episode: 478, total numsteps: 47800, episode steps: 100, reward: 88.19
Episode: 479, total numsteps: 47900, episode steps: 100, reward: 89.45
Episode: 480, total numsteps: 48000, episode steps: 100, reward: 89.49
----------------------------------------
Test Episodes: 10, Avg. Reward: 89.48
----------------------------------------
Episode: 481, total numsteps: 48100, episode steps: 100, reward: 89.68
Episode: 482, total numsteps: 48200, episode steps: 100, reward: 90.03
Episode: 483, total numsteps: 48300, episode steps: 100, reward: 89.68
Episode: 484, total numsteps: 48400, episode steps: 100, reward: 89.74
Episode: 485, total numsteps: 48500, episode steps: 100, reward: 90.49
Episode: 486, total numsteps: 48600, episode steps: 100, reward: 89.69
Episode: 487, total numsteps: 48700, episode steps: 100, reward: 90.0
Episode: 488, total numsteps: 48800, episode steps: 100, reward: 89.35
Episode: 489, total numsteps: 48900, episode steps: 100, reward: 90.25
Episode: 490, total numsteps: 49000, episode steps: 100, reward: 90.64
----------------------------------------
Test Episodes: 10, Avg. Reward: 90.39
----------------------------------------
Episode: 491, total numsteps: 49100, episode steps: 100, reward: 89.95
Episode: 492, total numsteps: 49200, episode steps: 100, reward: 90.21
Episode: 493, total numsteps: 49300, episode steps: 100, reward: 89.44
Episode: 494, total numsteps: 49400, episode steps: 100, reward: 90.05
Episode: 495, total numsteps: 49500, episode steps: 100, reward: 89.72
Episode: 496, total numsteps: 49600, episode steps: 100, reward: 91.09
Episode: 497, total numsteps: 49700, episode steps: 100, reward: 89.65
Episode: 498, total numsteps: 49800, episode steps: 100, reward: 90.37
Episode: 499, total numsteps: 49900, episode steps: 100, reward: 89.75
Episode: 500, total numsteps: 50000, episode steps: 100, reward: 89.8
----------------------------------------
Test Episodes: 10, Avg. Reward: 89.52
----------------------------------------
Episode: 501, total numsteps: 50100, episode steps: 100, reward: 91.19
Episode: 502, total numsteps: 50200, episode steps: 100, reward: 88.66
Episode: 503, total numsteps: 50300, episode steps: 100, reward: 89.98
Episode: 504, total numsteps: 50400, episode steps: 100, reward: 90.11
Episode: 505, total numsteps: 50500, episode steps: 100, reward: 89.95
Episode: 506, total numsteps: 50600, episode steps: 100, reward: 90.19
Episode: 507, total numsteps: 50700, episode steps: 100, reward: 90.53
Episode: 508, total numsteps: 50800, episode steps: 100, reward: 89.88
Episode: 509, total numsteps: 50900, episode steps: 100, reward: 89.36
Episode: 510, total numsteps: 51000, episode steps: 100, reward: 88.85
----------------------------------------
Test Episodes: 10, Avg. Reward: 90.35
----------------------------------------
Episode: 511, total numsteps: 51100, episode steps: 100, reward: 89.38
Episode: 512, total numsteps: 51200, episode steps: 100, reward: 89.5
Episode: 513, total numsteps: 51300, episode steps: 100, reward: 88.69
Episode: 514, total numsteps: 51400, episode steps: 100, reward: 89.55
Episode: 515, total numsteps: 51500, episode steps: 100, reward: 88.44
Episode: 516, total numsteps: 51600, episode steps: 100, reward: 90.5
Episode: 517, total numsteps: 51700, episode steps: 100, reward: 89.16
Episode: 518, total numsteps: 51800, episode steps: 100, reward: 88.95
Episode: 519, total numsteps: 51900, episode steps: 100, reward: 91.19
Episode: 520, total numsteps: 52000, episode steps: 100, reward: 89.54
----------------------------------------
Test Episodes: 10, Avg. Reward: 89.3
----------------------------------------
Episode: 521, total numsteps: 52100, episode steps: 100, reward: 90.69
Episode: 522, total numsteps: 52200, episode steps: 100, reward: 90.59
Episode: 523, total numsteps: 52300, episode steps: 100, reward: 89.75
Episode: 524, total numsteps: 52400, episode steps: 100, reward: 88.75
Episode: 525, total numsteps: 52500, episode steps: 100, reward: 89.99
Episode: 526, total numsteps: 52600, episode steps: 100, reward: 88.71
Episode: 527, total numsteps: 52700, episode steps: 100, reward: 89.96
Episode: 528, total numsteps: 52800, episode steps: 100, reward: 88.61
Episode: 529, total numsteps: 52900, episode steps: 100, reward: 90.76
Episode: 530, total numsteps: 53000, episode steps: 100, reward: 90.2
----------------------------------------
Test Episodes: 10, Avg. Reward: 88.92
----------------------------------------
Traceback (most recent call last):
  File "/home/c2/src/pytorch-soft-actor-critic/main.py", line 87, in <module>
    critic_1_loss, critic_2_loss, policy_loss, ent_loss, alpha = agent.update_parameters(memory, args.batch_size, updates)
  File "/home/c2/src/pytorch-soft-actor-critic/sac.py", line 84, in update_parameters
    qf2_loss.backward()
  File "/home/c2/anaconda3/envs/dd2d/lib/python3.7/site-packages/torch/tensor.py", line 118, in backward
    torch.autograd.backward(self, gradient, retain_graph, create_graph)
  File "/home/c2/anaconda3/envs/dd2d/lib/python3.7/site-packages/torch/autograd/__init__.py", line 93, in backward
    allow_unreachable=True)  # allow_unreachable flag
KeyboardInterrupt

Process finished with exit code 1
